<?xml version="1.0" encoding="UTF-8"?>
<!-- Generated by org.testng.reporters.JUnitReportReporter -->
<testsuite hostname="SHAIK" failures="0" tests="3" name="com.qa.basket.testCases.Homepaget" time="3.703" errors="0" timestamp="2023-01-16T18:31:39 IST" skipped="0">
  <testcase classname="com.qa.basket.testCases.Homepaget" name="homepagetitletest" time="0.253"/>
  <system-out/>
  <testcase classname="com.qa.basket.testCases.Homepaget" name="homepageurl" time="0.006"/>
  <system-out/>
  <testcase classname="com.qa.basket.testCases.Homepaget" name="searchtest" time="3.444"/>
  <system-out/>
</testsuite> <!-- com.qa.basket.testCases.Homepaget -->
