<?xml version="1.0" encoding="UTF-8"?>
<!-- Generated by org.testng.reporters.JUnitReportReporter -->
<testsuite hostname="SHAIK" failures="0" tests="5" name="com.qa.basket.testCases.HomePageTest" time="28.313" errors="0" timestamp="2023-01-31T14:42:37 IST" skipped="0">
  <testcase classname="com.qa.basket.testCases.HomePageTest" name="homePageTitleTest" time="0.071"/>
  <system-out/>
  <testcase classname="com.qa.basket.testCases.HomePageTest" name="homePageUrlTest" time="0.011"/>
  <system-out/>
  <testcase classname="com.qa.basket.testCases.HomePageTest" name="searchTest" time="10.755"/>
  <system-out/>
  <testcase classname="com.qa.basket.testCases.HomePageTest" name="searchTest" time="8.475"/>
  <system-out/>
  <testcase classname="com.qa.basket.testCases.HomePageTest" name="searchTest" time="9.001"/>
  <system-out/>
</testsuite> <!-- com.qa.basket.testCases.HomePageTest -->
