<?xml version="1.0" encoding="UTF-8"?>
<!-- Generated by org.testng.reporters.JUnitReportReporter -->
<testsuite hostname="SHAIK" failures="0" tests="1" name="com.qa.basket.testCases.HomePageTest" time="6.942" errors="0" timestamp="2023-01-16T15:34:08 IST" skipped="0">
  <testcase classname="com.qa.basket.testCases.HomePageTest" name="searchTest" time="6.942"/>
  <system-out/>
</testsuite> <!-- com.qa.basket.testCases.HomePageTest -->
